0 info it worked if it ends with ok
1 verbose cli [ 'C:\\Program Files\\nodejs\\node.exe',
1 verbose cli   'C:\\Program Files\\nodejs\\node_modules\\npm\\bin\\npm-cli.js',
1 verbose cli   'start',
1 verbose cli   'node',
1 verbose cli   'app.js' ]
2 info using npm@3.10.10
3 info using node@v6.10.2
4 verbose run-script [ 'prestart', 'start', 'poststart' ]
5 info lifecycle carsite@1.0.0~prestart: carsite@1.0.0
6 silly lifecycle carsite@1.0.0~prestart: no script for prestart, continuing
7 info lifecycle carsite@1.0.0~start: carsite@1.0.0
8 verbose lifecycle carsite@1.0.0~start: unsafe-perm in lifecycle true
9 verbose lifecycle carsite@1.0.0~start: PATH: C:\Program Files\nodejs\node_modules\npm\bin\node-gyp-bin;C:\Users\G\Desktop\G\Coding\HTML-CSS\Website Projects\carSite - heroku\node_modules\.bin;C:\PROGRAM FILES (X86)\AMD APP\BIN\X86_64;C:\PROGRAM FILES (X86)\AMD APP\BIN\X86;C:\Windows\SYSTEM32;C:\Windows;C:\Windows\SYSTEM32\WBEM;C:\Windows\SYSTEM32\WINDOWSPOWERSHELL\V1.0\;C:\PROGRAM FILES (X86)\ATI TECHNOLOGIES\ATI.ACE\CORE-STATIC;C:\Windows\system32\config\systemprofile\.DNX\BIN;C:\PROGRAM FILES\MICROSOFT DNX\DNVM\;C:\PROGRAM FILES\MICROSOFT SQL SERVER\130\TOOLS\BINN\;C:\Program Files\nodejs\;C:\Program Files\Git\cmd;C:\Program Files\Git\mingw64\bin;C:\Program Files\Git\usr\bin;c:\Program Files (x86)\Microsoft SQL Server\110\Tools\Binn\;c:\Program Files\Microsoft SQL Server\110\Tools\Binn\;c:\Program Files\Microsoft SQL Server\110\DTS\Binn\;c:\Program Files (x86)\Microsoft SQL Server\110\Tools\Binn\ManagementStudio\;c:\Program Files (x86)\Microsoft Visual Studio 10.0\Common7\IDE\PrivateAssemblies\;c:\Program Files (x86)\Microsoft SQL Server\110\DTS\Binn\;;C:\Users\G\AppData\Roaming\npm;C:\Program Files\Microsoft VS Code\bin;C:\Program Files\Heroku\bin
10 verbose lifecycle carsite@1.0.0~start: CWD: C:\Users\G\Desktop\G\Coding\HTML-CSS\Website Projects\carSite - heroku
11 silly lifecycle carsite@1.0.0~start: Args: [ '/d /s /c', 'node app.js "node" "app.js"' ]
12 silly lifecycle carsite@1.0.0~start: Returned: code: 1  signal: null
13 info lifecycle carsite@1.0.0~start: Failed to exec start script
14 verbose stack Error: carsite@1.0.0 start: `node app.js "node" "app.js"`
14 verbose stack Exit status 1
14 verbose stack     at EventEmitter.<anonymous> (C:\Program Files\nodejs\node_modules\npm\lib\utils\lifecycle.js:255:16)
14 verbose stack     at emitTwo (events.js:106:13)
14 verbose stack     at EventEmitter.emit (events.js:191:7)
14 verbose stack     at ChildProcess.<anonymous> (C:\Program Files\nodejs\node_modules\npm\lib\utils\spawn.js:40:14)
14 verbose stack     at emitTwo (events.js:106:13)
14 verbose stack     at ChildProcess.emit (events.js:191:7)
14 verbose stack     at maybeClose (internal/child_process.js:886:16)
14 verbose stack     at Process.ChildProcess._handle.onexit (internal/child_process.js:226:5)
15 verbose pkgid carsite@1.0.0
16 verbose cwd C:\Users\G\Desktop\G\Coding\HTML-CSS\Website Projects\carSite - heroku\views
17 error Windows_NT 6.1.7601
18 error argv "C:\\Program Files\\nodejs\\node.exe" "C:\\Program Files\\nodejs\\node_modules\\npm\\bin\\npm-cli.js" "start" "node" "app.js"
19 error node v6.10.2
20 error npm  v3.10.10
21 error code ELIFECYCLE
22 error carsite@1.0.0 start: `node app.js "node" "app.js"`
22 error Exit status 1
23 error Failed at the carsite@1.0.0 start script 'node app.js "node" "app.js"'.
23 error Make sure you have the latest version of node.js and npm installed.
23 error If you do, this is most likely a problem with the carsite package,
23 error not with npm itself.
23 error Tell the author that this fails on your system:
23 error     node app.js "node" "app.js"
23 error You can get information on how to open an issue for this project with:
23 error     npm bugs carsite
23 error Or if that isn't available, you can get their info via:
23 error     npm owner ls carsite
23 error There is likely additional logging output above.
24 verbose exit [ 1, true ]
